<?xml version="1.0" encoding="UTF-8"?>
<testsuite xmlns:xsi="http://www.w3.org/2001/XMLSchema-instance" xsi:noNamespaceSchemaLocation="https://maven.apache.org/surefire/maven-surefire-plugin/xsd/surefire-test-report.xsd" name="TestSuite" time="1.211" tests="3" errors="0" skipped="0" failures="0">
  <properties>
[...]
</properties>
  <testcase name="Test3" classname="mypackage.TestClass" time="0.01"/>
  <testcase name="Test1" classname="mypackage.TestClass" time="0.001"/>
  <testcase name="Test2" classname="mypackage.TestClass" time="0"/>
</testsuite>