<?xml version="1.0" encoding="UTF-8"?>
<testng-results total="3" passed="3" failed="0" skipped="0">
  <reporter-output>
  </reporter-output>
  <suite started-at="2022-03-18T06:57:13Z" name="Suite" finished-at="2022-03-18T06:57:13Z" duration-ms="17">
    <groups>
      <group name="Array List">
        <method signature="TestClass.Test1()[pri:0, instance:mypackage.TestClass@7e7be63f]" name="Test1" class="mypackage.TestClass"/>
        <method signature="TestClass.Test2()[pri:0, instance:mypackage.TestClass@7e7be63f]" name="Test2" class="mypackage.TestClass"/>
      </group> <!-- Array List -->
      <group name="maximum">
        <method signature="TestClass.Test3()[pri:0, instance:mypackage.TestClass@7e7be63f]" name="Test3" class="mypackage.TestClass"/>
      </group> <!-- maximum -->
    </groups>
    <test started-at="2022-03-18T06:57:13Z" name="Test" finished-at="2022-03-18T06:57:13Z" duration-ms="17">
      <class name="mypackage.TestClass">
        <test-method signature="Test3()[pri:0, instance:mypackage.TestClass@7e7be63f]" started-at="2022-03-18T12:27:13Z" name="Test3" finished-at="2022-03-18T12:27:13Z" duration-ms="9" status="PASS">
          <reporter-output>
          </reporter-output>
        </test-method> <!-- Test3 -->
        <test-method signature="Test1()[pri:0, instance:mypackage.TestClass@7e7be63f]" started-at="2022-03-18T12:27:13Z" name="Test1" finished-at="2022-03-18T12:27:13Z" duration-ms="1" status="PASS">
          <reporter-output>
          </reporter-output>
        </test-method> <!-- Test1 -->
        <test-method signature="Test2()[pri:0, instance:mypackage.TestClass@7e7be63f]" started-at="2022-03-18T12:27:13Z" name="Test2" finished-at="2022-03-18T12:27:13Z" duration-ms="0" status="PASS">
          <reporter-output>
          </reporter-output>
        </test-method> <!-- Test2 -->
      </class> <!-- mypackage.TestClass -->
    </test> <!-- Test -->
  </suite> <!-- Suite -->
</testng-results>
